This file contains any messages produced by compilers while
running configure, to aid debugging if configure makes a mistake.

It was created by GNU C Library configure (see version.h), which was
generated by GNU Autoconf 2.68.  Invocation command line was

  $ ../glibc-2.16.0/configure --host=arm-none-linux-gnueabi --prefix=

## --------- ##
## Platform. ##
## --------- ##

hostname = dirk-desktop
uname -m = i686
uname -r = 3.5.0-23-generic
uname -s = Linux
uname -v = #35~precise1-Ubuntu SMP Fri Jan 25 17:15:33 UTC 2013

/usr/bin/uname -p = unknown
/bin/uname -X     = unknown

/bin/arch              = unknown
/usr/bin/arch -k       = unknown
/usr/convex/getsysinfo = unknown
/usr/bin/hostinfo      = unknown
/bin/machine           = unknown
/usr/bin/oslevel       = unknown
/bin/universe          = unknown

PATH: /usr/lib/lightdm/lightdm
PATH: /usr/local/sbin
PATH: /usr/local/bin
PATH: /usr/sbin
PATH: /usr/bin
PATH: /sbin
PATH: /bin
PATH: /usr/games
PATH: /home/dirk/CodeSourcery/Sourcery_CodeBench_Lite_for_ARM_GNU_Linux/bin/


## ----------- ##
## Core tests. ##
## ----------- ##

configure:2294: checking build system type
configure:2308: result: i686-pc-linux-gnu
configure:2328: checking host system type
configure:2341: result: arm-none-linux-gnueabi
configure:2370: checking for arm-none-linux-gnueabi-gcc
configure:2386: found /home/dirk/CodeSourcery/Sourcery_CodeBench_Lite_for_ARM_GNU_Linux/bin//arm-none-linux-gnueabi-gcc
configure:2397: result: arm-none-linux-gnueabi-gcc
configure:2666: checking for C compiler version
configure:2675: arm-none-linux-gnueabi-gcc --version >&5
arm-none-linux-gnueabi-gcc (Sourcery CodeBench Lite 2011.09-70) 4.6.1
Copyright (C) 2011 Free Software Foundation, Inc.
This is free software; see the source for copying conditions.  There is NO
warranty; not even for MERCHANTABILITY or FITNESS FOR A PARTICULAR PURPOSE.

configure:2686: $? = 0
configure:2675: arm-none-linux-gnueabi-gcc -v >&5
Using built-in specs.
COLLECT_GCC=arm-none-linux-gnueabi-gcc
COLLECT_LTO_WRAPPER=/home/dirk/CodeSourcery/Sourcery_CodeBench_Lite_for_ARM_GNU_Linux/bin/../libexec/gcc/arm-none-linux-gnueabi/4.6.1/lto-wrapper
Target: arm-none-linux-gnueabi
Configured with: /scratch/jwlemke/2011.09-arm-linux-eabi-lite/src/gcc-4.6-2011.09/configure --build=i686-pc-linux-gnu --host=i686-pc-linux-gnu --target=arm-none-linux-gnueabi --enable-threads --disable-libmudflap --disable-libssp --disable-libstdcxx-pch --enable-extra-sgxxlite-multilibs --with-arch=armv5te --with-gnu-as --with-gnu-ld --with-specs='%{save-temps: -fverbose-asm} %{funwind-tables|fno-unwind-tables|mabi=*|ffreestanding|nostdlib:;:-funwind-tables} -D__CS_SOURCERYGXX_MAJ__=2011 -D__CS_SOURCERYGXX_MIN__=9 -D__CS_SOURCERYGXX_REV__=70 %{O2:%{!fno-remove-local-statics: -fremove-local-statics}} %{O*:%{O|O0|O1|O2|Os:;:%{!fno-remove-local-statics: -fremove-local-statics}}}' --enable-languages=c,c++ --enable-shared --enable-lto --enable-symvers=gnu --enable-__cxa_atexit --with-pkgversion='Sourcery CodeBench Lite 2011.09-70' --with-bugurl=https://support.codesourcery.com/GNUToolchain/ --disable-nls --prefix=/opt/codesourcery --with-sysroot=/opt/codesourcery/arm-none-linux-gnueabi/libc --with-build-sysroot=/scratch/jwlemke/2011.09-arm-linux-eabi-lite/install/arm-none-linux-gnueabi/libc --with-gmp=/scratch/jwlemke/2011.09-arm-linux-eabi-lite/obj/host-libs-2011.09-70-arm-none-linux-gnueabi-i686-pc-linux-gnu/usr --with-mpfr=/scratch/jwlemke/2011.09-arm-linux-eabi-lite/obj/host-libs-2011.09-70-arm-none-linux-gnueabi-i686-pc-linux-gnu/usr --with-mpc=/scratch/jwlemke/2011.09-arm-linux-eabi-lite/obj/host-libs-2011.09-70-arm-none-linux-gnueabi-i686-pc-linux-gnu/usr --with-ppl=/scratch/jwlemke/2011.09-arm-linux-eabi-lite/obj/host-libs-2011.09-70-arm-none-linux-gnueabi-i686-pc-linux-gnu/usr --with-host-libstdcxx='-static-libgcc -Wl,-Bstatic,-lstdc++,-Bdynamic -lm' --with-cloog=/scratch/jwlemke/2011.09-arm-linux-eabi-lite/obj/host-libs-2011.09-70-arm-none-linux-gnueabi-i686-pc-linux-gnu/usr --with-libelf=/scratch/jwlemke/2011.09-arm-linux-eabi-lite/obj/host-libs-2011.09-70-arm-none-linux-gnueabi-i686-pc-linux-gnu/usr --disable-libgomp --enable-poison-system-directories --with-build-time-tools=/scratch/jwlemke/2011.09-arm-linux-eabi-lite/install/arm-none-linux-gnueabi/bin --with-build-time-tools=/scratch/jwlemke/2011.09-arm-linux-eabi-lite/install/arm-none-linux-gnueabi/bin
Thread model: posix
gcc version 4.6.1 (Sourcery CodeBench Lite 2011.09-70) 
configure:2686: $? = 0
configure:2675: arm-none-linux-gnueabi-gcc -V >&5
arm-none-linux-gnueabi-gcc: error: unrecognized option '-V'
arm-none-linux-gnueabi-gcc: fatal error: no input files
compilation terminated.
configure:2686: $? = 1
configure:2675: arm-none-linux-gnueabi-gcc -qversion >&5
arm-none-linux-gnueabi-gcc: error: unrecognized option '-qversion'
arm-none-linux-gnueabi-gcc: fatal error: no input files
compilation terminated.
configure:2686: $? = 1
configure:2691: checking for suffix of object files
configure:2713: arm-none-linux-gnueabi-gcc -c   conftest.c >&5
configure:2717: $? = 0
configure:2738: result: o
configure:2742: checking whether we are using the GNU C compiler
configure:2761: arm-none-linux-gnueabi-gcc -c   conftest.c >&5
configure:2761: $? = 0
configure:2770: result: yes
configure:2779: checking whether arm-none-linux-gnueabi-gcc accepts -g
configure:2799: arm-none-linux-gnueabi-gcc -c -g  conftest.c >&5
configure:2799: $? = 0
configure:2840: result: yes
configure:2857: checking for arm-none-linux-gnueabi-gcc option to accept ISO C89
configure:2921: arm-none-linux-gnueabi-gcc  -c -g -O2  conftest.c >&5
configure:2921: $? = 0
configure:2934: result: none needed
configure:2959: checking for gcc
configure:2975: found /usr/bin/gcc
configure:2986: result: gcc
configure:3004: checking how to run the C preprocessor
configure:3035: arm-none-linux-gnueabi-gcc -E  conftest.c
configure:3035: $? = 0
configure:3049: arm-none-linux-gnueabi-gcc -E  conftest.c
conftest.c:9:28: fatal error: ac_nonexistent.h: No such file or directory
compilation terminated.
configure:3049: $? = 1
configure: failed program was:
| /* confdefs.h */
| #define PACKAGE_NAME "GNU C Library"
| #define PACKAGE_TARNAME "glibc"
| #define PACKAGE_VERSION "(see version.h)"
| #define PACKAGE_STRING "GNU C Library (see version.h)"
| #define PACKAGE_BUGREPORT "http://sourceware.org/bugzilla/"
| #define PACKAGE_URL "http://www.gnu.org/software/glibc/"
| /* end confdefs.h.  */
| #include <ac_nonexistent.h>
configure:3074: result: arm-none-linux-gnueabi-gcc -E
configure:3094: arm-none-linux-gnueabi-gcc -E  conftest.c
configure:3094: $? = 0
configure:3108: arm-none-linux-gnueabi-gcc -E  conftest.c
conftest.c:9:28: fatal error: ac_nonexistent.h: No such file or directory
compilation terminated.
configure:3108: $? = 1
configure: failed program was:
| /* confdefs.h */
| #define PACKAGE_NAME "GNU C Library"
| #define PACKAGE_TARNAME "glibc"
| #define PACKAGE_VERSION "(see version.h)"
| #define PACKAGE_STRING "GNU C Library (see version.h)"
| #define PACKAGE_BUGREPORT "http://sourceware.org/bugzilla/"
| #define PACKAGE_URL "http://www.gnu.org/software/glibc/"
| /* end confdefs.h.  */
| #include <ac_nonexistent.h>
configure:3151: checking for arm-none-linux-gnueabi-g++
configure:3167: found /home/dirk/CodeSourcery/Sourcery_CodeBench_Lite_for_ARM_GNU_Linux/bin//arm-none-linux-gnueabi-g++
configure:3178: result: arm-none-linux-gnueabi-g++
configure:3249: checking for C++ compiler version
configure:3258: arm-none-linux-gnueabi-g++ --version >&5
arm-none-linux-gnueabi-g++ (Sourcery CodeBench Lite 2011.09-70) 4.6.1
Copyright (C) 2011 Free Software Foundation, Inc.
This is free software; see the source for copying conditions.  There is NO
warranty; not even for MERCHANTABILITY or FITNESS FOR A PARTICULAR PURPOSE.

configure:3269: $? = 0
configure:3258: arm-none-linux-gnueabi-g++ -v >&5
Using built-in specs.
COLLECT_GCC=arm-none-linux-gnueabi-g++
COLLECT_LTO_WRAPPER=/home/dirk/CodeSourcery/Sourcery_CodeBench_Lite_for_ARM_GNU_Linux/bin/../libexec/gcc/arm-none-linux-gnueabi/4.6.1/lto-wrapper
Target: arm-none-linux-gnueabi
Configured with: /scratch/jwlemke/2011.09-arm-linux-eabi-lite/src/gcc-4.6-2011.09/configure --build=i686-pc-linux-gnu --host=i686-pc-linux-gnu --target=arm-none-linux-gnueabi --enable-threads --disable-libmudflap --disable-libssp --disable-libstdcxx-pch --enable-extra-sgxxlite-multilibs --with-arch=armv5te --with-gnu-as --with-gnu-ld --with-specs='%{save-temps: -fverbose-asm} %{funwind-tables|fno-unwind-tables|mabi=*|ffreestanding|nostdlib:;:-funwind-tables} -D__CS_SOURCERYGXX_MAJ__=2011 -D__CS_SOURCERYGXX_MIN__=9 -D__CS_SOURCERYGXX_REV__=70 %{O2:%{!fno-remove-local-statics: -fremove-local-statics}} %{O*:%{O|O0|O1|O2|Os:;:%{!fno-remove-local-statics: -fremove-local-statics}}}' --enable-languages=c,c++ --enable-shared --enable-lto --enable-symvers=gnu --enable-__cxa_atexit --with-pkgversion='Sourcery CodeBench Lite 2011.09-70' --with-bugurl=https://support.codesourcery.com/GNUToolchain/ --disable-nls --prefix=/opt/codesourcery --with-sysroot=/opt/codesourcery/arm-none-linux-gnueabi/libc --with-build-sysroot=/scratch/jwlemke/2011.09-arm-linux-eabi-lite/install/arm-none-linux-gnueabi/libc --with-gmp=/scratch/jwlemke/2011.09-arm-linux-eabi-lite/obj/host-libs-2011.09-70-arm-none-linux-gnueabi-i686-pc-linux-gnu/usr --with-mpfr=/scratch/jwlemke/2011.09-arm-linux-eabi-lite/obj/host-libs-2011.09-70-arm-none-linux-gnueabi-i686-pc-linux-gnu/usr --with-mpc=/scratch/jwlemke/2011.09-arm-linux-eabi-lite/obj/host-libs-2011.09-70-arm-none-linux-gnueabi-i686-pc-linux-gnu/usr --with-ppl=/scratch/jwlemke/2011.09-arm-linux-eabi-lite/obj/host-libs-2011.09-70-arm-none-linux-gnueabi-i686-pc-linux-gnu/usr --with-host-libstdcxx='-static-libgcc -Wl,-Bstatic,-lstdc++,-Bdynamic -lm' --with-cloog=/scratch/jwlemke/2011.09-arm-linux-eabi-lite/obj/host-libs-2011.09-70-arm-none-linux-gnueabi-i686-pc-linux-gnu/usr --with-libelf=/scratch/jwlemke/2011.09-arm-linux-eabi-lite/obj/host-libs-2011.09-70-arm-none-linux-gnueabi-i686-pc-linux-gnu/usr --disable-libgomp --enable-poison-system-directories --with-build-time-tools=/scratch/jwlemke/2011.09-arm-linux-eabi-lite/install/arm-none-linux-gnueabi/bin --with-build-time-tools=/scratch/jwlemke/2011.09-arm-linux-eabi-lite/install/arm-none-linux-gnueabi/bin
Thread model: posix
gcc version 4.6.1 (Sourcery CodeBench Lite 2011.09-70) 
configure:3269: $? = 0
configure:3258: arm-none-linux-gnueabi-g++ -V >&5
arm-none-linux-gnueabi-g++: error: unrecognized option '-V'
arm-none-linux-gnueabi-g++: fatal error: no input files
compilation terminated.
configure:3269: $? = 1
configure:3258: arm-none-linux-gnueabi-g++ -qversion >&5
arm-none-linux-gnueabi-g++: error: unrecognized option '-qversion'
arm-none-linux-gnueabi-g++: fatal error: no input files
compilation terminated.
configure:3269: $? = 1
configure:3273: checking whether we are using the GNU C++ compiler
configure:3292: arm-none-linux-gnueabi-g++ -c   conftest.cpp >&5
configure:3292: $? = 0
configure:3301: result: yes
configure:3310: checking whether arm-none-linux-gnueabi-g++ accepts -g
configure:3330: arm-none-linux-gnueabi-g++ -c -g  conftest.cpp >&5
configure:3330: $? = 0
configure:3371: result: yes
configure:3815: checking for sysdeps preconfigure fragments
configure:3822: result: 
configure:3944: checking add-on glibc-ports-2.16.0 for preconfigure fragments
configure:3951: result: 
configure:3896: running configure fragment for add-on libidn
configure:3896: running configure fragment for add-on linuxthreads
configure:11: result: linuxthreads disabled because nptl add-on is also in use
configure:3896: running configure fragment for add-on nptl
configure:4032: checking for assembler gnu_indirect_function symbol type support
configure:4048: result: yes
configure:4051: checking whether .text pseudo-op must be used
configure:4061: arm-none-linux-gnueabi-gcc  -c conftest.s 1>&5
configure:4064: $? = 0
configure:4075: result: yes
configure:4079: checking for assembler global-symbol directive
configure:4092: arm-none-linux-gnueabi-gcc  -c conftest.s 1>&5
configure:4095: $? = 0
configure:4103: result: .globl
configure:4114: checking for assembler .type directive prefix
configure:4130: arm-none-linux-gnueabi-gcc  -c conftest.s 1>&5
conftest.s: Assembler messages:
conftest.s:3: Error: unrecognized symbol type ""
configure:4133: $? = 1
configure:4130: arm-none-linux-gnueabi-gcc  -c conftest.s 1>&5
configure:4133: $? = 0
configure:4141: result: %
configure:4164: checking sysdep dirs
configure:4378: result: sysdeps/generic
configure:4455: checking for a BSD-compatible install
configure:4523: result: /usr/bin/install -c
configure:4538: checking whether ln -s works
configure:4542: result: yes
configure:4566: checking whether /home/dirk/CodeSourcery/Sourcery_CodeBench_Lite_for_ARM_GNU_Linux/bin/../lib/gcc/arm-none-linux-gnueabi/4.6.1/../../../../arm-none-linux-gnueabi/bin/as is GNU as
configure:4580: result: yes
configure:4585: checking whether /home/dirk/CodeSourcery/Sourcery_CodeBench_Lite_for_ARM_GNU_Linux/bin/../lib/gcc/arm-none-linux-gnueabi/4.6.1/../../../../arm-none-linux-gnueabi/bin/ld is GNU ld
configure:4599: result: yes
configure:4609: checking for /home/dirk/CodeSourcery/Sourcery_CodeBench_Lite_for_ARM_GNU_Linux/bin/../lib/gcc/arm-none-linux-gnueabi/4.6.1/../../../../arm-none-linux-gnueabi/bin/as
configure:4636: result: /home/dirk/CodeSourcery/Sourcery_CodeBench_Lite_for_ARM_GNU_Linux/bin/../lib/gcc/arm-none-linux-gnueabi/4.6.1/../../../../arm-none-linux-gnueabi/bin/as
configure:4651: checking version of /home/dirk/CodeSourcery/Sourcery_CodeBench_Lite_for_ARM_GNU_Linux/bin/../lib/gcc/arm-none-linux-gnueabi/4.6.1/../../../../arm-none-linux-gnueabi/bin/as
configure:4661: result: 2.21.53.20110905, ok
configure:4672: checking for /home/dirk/CodeSourcery/Sourcery_CodeBench_Lite_for_ARM_GNU_Linux/bin/../lib/gcc/arm-none-linux-gnueabi/4.6.1/../../../../arm-none-linux-gnueabi/bin/ld
configure:4699: result: /home/dirk/CodeSourcery/Sourcery_CodeBench_Lite_for_ARM_GNU_Linux/bin/../lib/gcc/arm-none-linux-gnueabi/4.6.1/../../../../arm-none-linux-gnueabi/bin/ld
configure:4714: checking version of /home/dirk/CodeSourcery/Sourcery_CodeBench_Lite_for_ARM_GNU_Linux/bin/../lib/gcc/arm-none-linux-gnueabi/4.6.1/../../../../arm-none-linux-gnueabi/bin/ld
configure:4724: result: 2.21.53.20110905, ok
configure:4738: checking for arm-none-linux-gnueabi-gcc
configure:4765: result: arm-none-linux-gnueabi-gcc
configure:4780: checking version of arm-none-linux-gnueabi-gcc
configure:4790: result: 4.6.1, ok
configure:4801: checking for gnumake
configure:4831: result: no
configure:4801: checking for gmake
configure:4831: result: no
configure:4801: checking for make
configure:4817: found /usr/bin/make
configure:4828: result: make
configure:4843: checking version of make
configure:4853: result: 3.81, ok
configure:4865: checking for gnumsgfmt
configure:4895: result: no
configure:4865: checking for gmsgfmt
configure:4895: result: no
configure:4865: checking for msgfmt
configure:4895: result: no
configure:4928: checking for makeinfo
configure:4958: result: no
configure:4991: checking for sed
configure:5007: found /bin/sed
configure:5018: result: sed
configure:5033: checking version of sed
configure:5043: result: 4.2.1, ok
configure:5054: checking for arm-none-linux-gnueabi-readelf
configure:5070: found /home/dirk/CodeSourcery/Sourcery_CodeBench_Lite_for_ARM_GNU_Linux/bin//arm-none-linux-gnueabi-readelf
configure:5081: result: arm-none-linux-gnueabi-readelf
configure:5146: checking for arm-none-linux-gnueabi-nm
configure:5162: found /home/dirk/CodeSourcery/Sourcery_CodeBench_Lite_for_ARM_GNU_Linux/bin//arm-none-linux-gnueabi-nm
configure:5173: result: arm-none-linux-gnueabi-nm
configure:5240: checking for autoconf
configure:5270: result: no
configure:5309: WARNING:
*** These auxiliary programs are missing or incompatible versions: msgfmt makeinfo autoconf
*** some features will be disabled.
*** Check the INSTALL file for required versions.
configure:5349: checking LD_LIBRARY_PATH variable
configure:5359: result: ok
configure:5368: checking whether GCC supports -static-libgcc
configure:5379: result: -static-libgcc
configure:5385: checking for bash
configure:5403: found /bin/bash
configure:5416: result: /bin/bash
configure:5491: checking for gawk
configure:5507: found /usr/bin/gawk
configure:5518: result: gawk
configure:5531: checking for perl
configure:5549: found /usr/bin/perl
configure:5562: result: /usr/bin/perl
configure:5576: checking for install-info
configure:5595: found /usr/sbin/install-info
configure:5608: result: /usr/sbin/install-info
configure:5618: checking for bison
configure:5650: result: no
configure:5659: checking for libc-friendly stddef.h
configure:5683: arm-none-linux-gnueabi-gcc -c -g -O2 -fno-unwind-tables  conftest.c >&5
conftest.c: In function 'main':
conftest.c:24:38: warning: incompatible implicit declaration of built-in function 'abort' [enabled by default]
configure:5683: $? = 0
configure:5690: result: yes
configure:5697: checking whether we need to use -P to assemble .S files
configure:5707: arm-none-linux-gnueabi-gcc   -c conftest.S 1>&5
configure:5710: $? = 0
configure:5718: result: no
configure:5725: checking for .set assembler directive
configure:5751: result: yes
configure:5758: checking for assembler gnu_unique_object symbol type
configure:5775: result: yes
configure:5782: checking for .symver assembler directive
configure:5799: result: yes
configure:5801: checking for ld --version-script
configure:5827: arm-none-linux-gnueabi-gcc -g -O2 -fno-unwind-tables  -shared
				-o conftest.so conftest.o
				-nostartfiles -nostdlib
				-Wl,--version-script,conftest.map
		       1>&5
configure:5830: $? = 0
configure:5845: result: yes
configure:5866: checking for .previous assembler directive
configure:5876: arm-none-linux-gnueabi-gcc -c  conftest.s 1>&5
configure:5879: $? = 0
configure:5887: result: yes
configure:5921: checking for .protected and .hidden assembler directive
configure:5933: arm-none-linux-gnueabi-gcc -c  conftest.s 1>&5
configure:5936: $? = 0
configure:5944: result: yes
configure:5948: checking whether __attribute__((visibility())) is supported
configure:5959: arm-none-linux-gnueabi-gcc -Werror -S conftest.c -o conftest.s 1>&5
configure:5962: $? = 0
configure:5973: result: yes
configure:5981: checking for broken __attribute__((visibility()))
configure:5993: arm-none-linux-gnueabi-gcc -Werror -S conftest.c -o conftest.s 1>&5
configure:5996: $? = 0
configure:6005: result: no
configure:6012: checking for broken __attribute__((alias()))
configure:6027: arm-none-linux-gnueabi-gcc -Werror -S conftest.c -o conftest.s 1>&5
configure:6030: $? = 0
configure:6040: result: no
configure:6047: checking whether to put _rtld_local into .sdata section
configure:6061: result: no
configure:6069: checking for .preinit_array/.init_array/.fini_array support
configure:6085: arm-none-linux-gnueabi-gcc -g -O2 -fno-unwind-tables   -o conftest
		       conftest.c -static -nostartfiles -nostdlib
		       1>&5
configure:6088: $? = 0
configure:6101: result: yes
configure:6107: checking whether to use .ctors/.dtors header and trailer
configure:6124: arm-none-linux-gnueabi-gcc -g -O2 -fno-unwind-tables   -o conftest
		       conftest.c -static -nostartfiles -nostdlib
		       1>&5
configure:6127: $? = 0
configure:6153: result: no
configure:6160: checking for libunwind-support in compiler
configure:6177: result: no
configure:6185: checking for -z nodelete option
configure:6197: arm-none-linux-gnueabi-gcc -g -O2 -fno-unwind-tables  
		   -fPIC -shared -o conftest.so conftest.c
		   -nostartfiles -nostdlib
		   -Wl,--enable-new-dtags,-z,nodelete 1>&5
configure:6200: $? = 0
configure:6209: result: yes
configure:6212: checking for -z nodlopen option
configure:6224: arm-none-linux-gnueabi-gcc -g -O2 -fno-unwind-tables  
			-fPIC -shared -o conftest.so conftest.c
			-nostartfiles -nostdlib
			-Wl,--enable-new-dtags,-z,nodlopen 1>&5
configure:6227: $? = 0
configure:6236: result: yes
configure:6239: checking for -z initfirst option
configure:6251: arm-none-linux-gnueabi-gcc -g -O2 -fno-unwind-tables  
			-fPIC -shared -o conftest.so conftest.c
			-nostartfiles -nostdlib
			-Wl,--enable-new-dtags,-z,initfirst 1>&5
configure:6254: $? = 0
configure:6263: result: yes
configure:6354: WARNING: missing architecture parameter to check for working -z relro
configure:6358: checking for -Bgroup option
configure:6369: arm-none-linux-gnueabi-gcc -g -O2 -fno-unwind-tables  
			    -fPIC -shared -o conftest.so conftest.c
			    -Wl,-Bgroup -nostdlib 1>&5
configure:6372: $? = 0
configure:6381: result: yes
configure:6386: checking whether --noexecstack is desirable for .S files
configure:6396: arm-none-linux-gnueabi-gcc -g -O2 -fno-unwind-tables 
		   -S -o conftest.s conftest.c 1>&5
configure:6399: $? = 0
configure:6404: arm-none-linux-gnueabi-gcc  -Wa,--noexecstack
		      -c -o conftest.o conftest.s 1>&5
configure:6407: $? = 0
configure:6416: result: yes
configure:6423: checking for -z combreloc
configure:6437: arm-none-linux-gnueabi-gcc -g -O2 -fno-unwind-tables  
			-fPIC -shared -o conftest.so conftest.c
			-nostdlib -nostartfiles
			-Wl,-z,combreloc 1>&5
configure:6440: $? = 0
configure:6453: result: yes
configure:6461: checking for -z execstack
configure:6473: arm-none-linux-gnueabi-gcc -g -O2 -fno-unwind-tables  
			    -fPIC -shared -o conftest.so conftest.c
			    -Wl,-z,execstack -nostdlib
			    1>&5
configure:6476: $? = 0
configure:6485: result: yes
configure:6489: checking for -fpie
configure:6495: arm-none-linux-gnueabi-gcc -fpie -xc /dev/null -S -o /dev/null
configure:6498: $? = 0
configure:6506: result: yes
configure:6511: checking for --hash-style option
configure:6522: arm-none-linux-gnueabi-gcc -g -O2 -fno-unwind-tables  
			    -fPIC -shared -o conftest.so conftest.c
			    -Wl,--hash-style=both -nostdlib 1>&5
configure:6525: $? = 0
configure:6534: result: yes
configure:6542: checking for sufficient default -shared layout
configure:6561:   arm-none-linux-gnueabi-gcc  -shared -o conftest.so conftest.s 1>&5
configure:6564: $? = 0
nono from:

HASH .hash
DYNSYM .dynsym
STRTAB .dynstr
VERSYM .gnu.version
VERNEED .gnu.version_r
REL .rel.dyn
REL .rel.plt
PROGBITS .init
PROGBITS .plt
PROGBITS .text
PROGBITS .fini
NOTE .note.a
NOTE .note.b
PROGBITS .ARM.extab
ARM_EXIDX .ARM.exidx
PROGBITS .eh_frame
INIT_ARRAY .init_array
FINI_ARRAY .fini_array
PROGBITS .jcr
DYNAMIC .dynamic
PROGBITS .got
PROGBITS .data
NOBITS .bss
ARM_ATTRIBUTES .ARM.attributes
STRTAB .shstrtab
SYMTAB .symtab
STRTAB .strtab
configure:6596: result: no
configure:6601: checking linker output format
configure:6615: result: elf32-littlearm
configure:6619: checking for -fno-toplevel-reorder -fno-section-anchors
configure:6629: arm-none-linux-gnueabi-gcc -g -O2 -fno-unwind-tables  -S -fno-toplevel-reorder -fno-section-anchors
			    conftest.c 1>&5
configure:6632: $? = 0
configure:6641: result: yes
configure:6650: checking for -fstack-protector
configure:6656: arm-none-linux-gnueabi-gcc -g -O2 -fno-unwind-tables  -Werror -fstack-protector -xc /dev/null -S -o /dev/null
configure:6659: $? = 0
configure:6667: result: yes
configure:6671: checking for -fgnu89-inline
configure:6686: arm-none-linux-gnueabi-gcc -g -O2 -fno-unwind-tables  -S -std=gnu99 -fgnu89-inline
			    -o conftest.s conftest.c 1>&5
conftest.c:3:1: warning: return type defaults to 'int' [enabled by default]
configure:6689: $? = 0
configure:6698: result: yes
configure:6707: checking whether cc puts quotes around section names
configure:6728: result: no
configure:6735: checking for assembler .weak directive
configure:6748: arm-none-linux-gnueabi-gcc  -c conftest.s 1>&5
configure:6751: $? = 0
configure:6759: result: yes
configure:6802: checking whether CFI directives are supported
configure:6821: arm-none-linux-gnueabi-gcc  -c conftest.s 1>&5
configure:6824: $? = 0
configure:6832: result: yes
configure:6839: checking for ld --no-whole-archive
configure:6852: arm-none-linux-gnueabi-gcc -g -O2 -fno-unwind-tables  
			    -nostdlib -nostartfiles -Wl,--no-whole-archive
			    -o conftest conftest.c 1>&5
configure:6855: $? = 0
configure:6863: result: yes
configure:6869: checking for gcc -fexceptions
configure:6882: arm-none-linux-gnueabi-gcc -g -O2 -fno-unwind-tables  
			    -nostdlib -nostartfiles -fexceptions
			    -o conftest conftest.c 1>&5
configure:6885: $? = 0
configure:6893: result: yes
configure:6933: checking for __builtin_memset
configure:6945: arm-none-linux-gnueabi-gcc -O3 -S conftest.c -o - | fgrep memset > /dev/null
configure:6948: $? = 0
configure:6957: result: no
configure:6964: checking for redirection of built-in functions
configure:6977: arm-none-linux-gnueabi-gcc -O3 -S conftest.c -o - | fgrep my_strstr > /dev/null
configure:6980: $? = 0
configure:6989: result: yes
configure:6995: checking for __thread
configure:7004: arm-none-linux-gnueabi-gcc -g -O2 -fno-unwind-tables  -c conftest.c >&5
configure:7007: $? = 0
configure:7015: result: yes
configure:7021: checking for tls_model attribute
configure:7030: arm-none-linux-gnueabi-gcc -g -O2 -fno-unwind-tables  -S -Werror conftest.c >&5
configure:7033: $? = 0
configure:7041: result: yes
configure:7047: checking for compiler option to disable generation of FMA instructions
configure:7055: arm-none-linux-gnueabi-gcc -ffp-contract=off -xc /dev/null -S -o /dev/null
configure:7058: $? = 0
configure:7064: result: -ffp-contract=off
configure:7095: checking for libgd
configure:7115: arm-none-linux-gnueabi-gcc -o conftest -g -O2 -fno-unwind-tables     conftest.c  -lgd -lpng -lz -lm >&5
conftest.c:20:16: fatal error: gd.h: No such file or directory
compilation terminated.
configure:7115: $? = 1
configure: failed program was:
| /* confdefs.h */
| #define PACKAGE_NAME "GNU C Library"
| #define PACKAGE_TARNAME "glibc"
| #define PACKAGE_VERSION "(see version.h)"
| #define PACKAGE_STRING "GNU C Library (see version.h)"
| #define PACKAGE_BUGREPORT "http://sourceware.org/bugzilla/"
| #define PACKAGE_URL "http://www.gnu.org/software/glibc/"
| #define HAVE_LIBIDN 1
| #define ASM_GLOBAL_DIRECTIVE .globl
| #define ASM_TYPE_DIRECTIVE_PREFIX %
| #define HAVE_ASM_SET_DIRECTIVE 1
| #define HAVE_ASM_UNIQUE_OBJECT 1
| #define DO_VERSIONING 1
| #define HAVE_ASM_PREVIOUS_DIRECTIVE 1
| #define NO_CTORS_DTORS_SECTIONS 1
| #define HAVE_Z_COMBRELOC 1
| #define HAVE_ASM_WEAK_DIRECTIVE 1
| #define HAVE_ASM_CFI_DIRECTIVES 1
| /* end confdefs.h.  */
| #include <gd.h>
| int
| main ()
| {
| gdImagePng (0, 0)
|   ;
|   return 0;
| }
configure:7128: result: no
configure:7137: checking for is_selinux_enabled in -lselinux
configure:7162: arm-none-linux-gnueabi-gcc -o conftest -g -O2 -fno-unwind-tables   conftest.c -lselinux   >&5
/home/dirk/CodeSourcery/Sourcery_CodeBench_Lite_for_ARM_GNU_Linux/bin/../lib/gcc/arm-none-linux-gnueabi/4.6.1/../../../../arm-none-linux-gnueabi/bin/ld: cannot find -lselinux
collect2: ld returned 1 exit status
configure:7162: $? = 1
configure: failed program was:
| /* confdefs.h */
| #define PACKAGE_NAME "GNU C Library"
| #define PACKAGE_TARNAME "glibc"
| #define PACKAGE_VERSION "(see version.h)"
| #define PACKAGE_STRING "GNU C Library (see version.h)"
| #define PACKAGE_BUGREPORT "http://sourceware.org/bugzilla/"
| #define PACKAGE_URL "http://www.gnu.org/software/glibc/"
| #define HAVE_LIBIDN 1
| #define ASM_GLOBAL_DIRECTIVE .globl
| #define ASM_TYPE_DIRECTIVE_PREFIX %
| #define HAVE_ASM_SET_DIRECTIVE 1
| #define HAVE_ASM_UNIQUE_OBJECT 1
| #define DO_VERSIONING 1
| #define HAVE_ASM_PREVIOUS_DIRECTIVE 1
| #define NO_CTORS_DTORS_SECTIONS 1
| #define HAVE_Z_COMBRELOC 1
| #define HAVE_ASM_WEAK_DIRECTIVE 1
| #define HAVE_ASM_CFI_DIRECTIVES 1
| /* end confdefs.h.  */
| 
| /* Override any GCC internal prototype to avoid an error.
|    Use char because int might match the return type of a GCC
|    builtin and then its argument prototype would still apply.  */
| #ifdef __cplusplus
| extern "C"
| #endif
| char is_selinux_enabled ();
| int
| main ()
| {
| return is_selinux_enabled ();
|   ;
|   return 0;
| }
configure:7171: result: no
configure:7327: checking size of long double
configure:7332: arm-none-linux-gnueabi-gcc -o conftest -g -O2 -fno-unwind-tables   conftest.c  >&5
configure:7332: $? = 0
configure:7332: ./conftest
../glibc-2.16.0/configure: line 1702: ./conftest: cannot execute binary file
configure:7332: $? = 126
configure: program exited with status 126
configure: failed program was:
| /* confdefs.h */
| #define PACKAGE_NAME "GNU C Library"
| #define PACKAGE_TARNAME "glibc"
| #define PACKAGE_VERSION "(see version.h)"
| #define PACKAGE_STRING "GNU C Library (see version.h)"
| #define PACKAGE_BUGREPORT "http://sourceware.org/bugzilla/"
| #define PACKAGE_URL "http://www.gnu.org/software/glibc/"
| #define HAVE_LIBIDN 1
| #define ASM_GLOBAL_DIRECTIVE .globl
| #define ASM_TYPE_DIRECTIVE_PREFIX %
| #define HAVE_ASM_SET_DIRECTIVE 1
| #define HAVE_ASM_UNIQUE_OBJECT 1
| #define DO_VERSIONING 1
| #define HAVE_ASM_PREVIOUS_DIRECTIVE 1
| #define NO_CTORS_DTORS_SECTIONS 1
| #define HAVE_Z_COMBRELOC 1
| #define HAVE_ASM_WEAK_DIRECTIVE 1
| #define HAVE_ASM_CFI_DIRECTIVES 1
| /* end confdefs.h.  */
| /* none */
| static long int longval () { return (long int) (sizeof (long double)); }
| static unsigned long int ulongval () { return (long int) (sizeof (long double)); }
| #include <stdio.h>
| #include <stdlib.h>
| int
| main ()
| {
| 
|   FILE *f = fopen ("conftest.val", "w");
|   if (! f)
|     return 1;
|   if (((long int) (sizeof (long double))) < 0)
|     {
|       long int i = longval ();
|       if (i != ((long int) (sizeof (long double))))
| 	return 1;
|       fprintf (f, "%ld", i);
|     }
|   else
|     {
|       unsigned long int i = ulongval ();
|       if (i != ((long int) (sizeof (long double))))
| 	return 1;
|       fprintf (f, "%lu", i);
|     }
|   /* Do not output a trailing newline, as this causes \r\n confusion
|      on some platforms.  */
|   return ferror (f) || fclose (f) != 0;
| 
|   ;
|   return 0;
| }
configure:7346: result: 0
configure:7360: checking for _FORTIFY_SOURCE predefine
configure:7379: arm-none-linux-gnueabi-gcc -c -g -O2 -fno-unwind-tables  conftest.c >&5
configure:7379: $? = 0
configure:7386: result: no
configure:7393: checking whether arm-none-linux-gnueabi-gcc implicitly enables -fstack-protector
configure:7410: arm-none-linux-gnueabi-gcc -c -g -O2 -fno-unwind-tables  conftest.c >&5
configure:7410: $? = 0
libc_undefs='foobar'
configure:7437: result: no
configure:7464: result: running configure fragment for glibc-ports-2.16.0/sysdeps/unix/sysv/linux/arm/nptl
configure:7464: result: running configure fragment for glibc-ports-2.16.0/sysdeps/unix/sysv/linux/arm
configure:7464: result: running configure fragment for nptl/sysdeps/pthread
configure:141: checking for forced unwind support
configure:160: arm-none-linux-gnueabi-gcc -c -g -O2  conftest.c >&5
configure:160: $? = 0
configure:167: result: yes
configure:174: checking for C cleanup handling
configure:194: arm-none-linux-gnueabi-gcc -c -g -O2 -Werror -fexceptions  conftest.c >&5
configure:194: $? = 0
configure:201: result: yes
configure:7464: result: running configure fragment for sysdeps/pthread
configure:7464: result: running configure fragment for sysdeps/unix/sysv/linux
configure:113: checking for grep that handles long lines and -e
configure:171: result: /bin/grep
configure:176: checking for egrep
configure:238: result: /bin/grep -E
configure:243: checking installed Linux kernel header files
configure:264: result: 2.6.19 or later
configure:334: checking for kernel header at least 2.6.16
configure:353: result: ok
configure:7464: result: running configure fragment for sysdeps/gnu
configure:7464: result: running configure fragment for glibc-ports-2.16.0/sysdeps/arm
configure:105: checking for ARM TLS support
configure:122: arm-none-linux-gnueabi-gcc -c -g -O2 conftest.s 1>&5
configure:125: $? = 0
configure:133: result: yes
configure:141: checking whether the CFI directive .cfi_sections is supported
configure:153: arm-none-linux-gnueabi-gcc  -c conftest.s 1>&5
configure:156: $? = 0
configure:164: result: yes
configure:179: checking for grep that handles long lines and -e
configure:237: result: /bin/grep
configure:242: checking for egrep
configure:304: result: /bin/grep -E
configure:309: checking whether the compiler is using the ARM hard-float ABI
configure:330: result: no
configure:7478: checking for old glibc 2.0.x headers
configure:7486: result: no
configure:7519: checking whether -fPIC is default
configure:7535: result: no
configure:7675: creating ./config.status

## ---------------------- ##
## Running config.status. ##
## ---------------------- ##

This file was extended by GNU C Library config.status (see version.h), which was
generated by GNU Autoconf 2.68.  Invocation command line was

  CONFIG_FILES    = 
  CONFIG_HEADERS  = 
  CONFIG_LINKS    = 
  CONFIG_COMMANDS = 
  $ ./config.status 

on dirk-desktop

config.status:944: creating config.make
config.status:944: creating Makefile
config.status:944: creating config.h
config.status:1118: executing default commands

## ---------------- ##
## Cache variables. ##
## ---------------- ##

ac_cv_build=i686-pc-linux-gnu
ac_cv_c_compiler_gnu=yes
ac_cv_cxx_compiler_gnu=yes
ac_cv_env_CCC_set=
ac_cv_env_CCC_value=
ac_cv_env_CC_set=
ac_cv_env_CC_value=
ac_cv_env_CFLAGS_set=
ac_cv_env_CFLAGS_value=
ac_cv_env_CPPFLAGS_set=
ac_cv_env_CPPFLAGS_value=
ac_cv_env_CPP_set=
ac_cv_env_CPP_value=
ac_cv_env_CXXFLAGS_set=
ac_cv_env_CXXFLAGS_value=
ac_cv_env_CXX_set=
ac_cv_env_CXX_value=
ac_cv_env_LDFLAGS_set=
ac_cv_env_LDFLAGS_value=
ac_cv_env_LIBS_set=
ac_cv_env_LIBS_value=
ac_cv_env_build_alias_set=
ac_cv_env_build_alias_value=
ac_cv_env_host_alias_set=set
ac_cv_env_host_alias_value=arm-none-linux-gnueabi
ac_cv_env_target_alias_set=
ac_cv_env_target_alias_value=
ac_cv_host=arm-none-linux-gnueabi
ac_cv_lib_selinux_is_selinux_enabled=no
ac_cv_objext=o
ac_cv_path_BASH_SHELL=/bin/bash
ac_cv_path_BISON=no
ac_cv_path_EGREP='/bin/grep -E'
ac_cv_path_GREP=/bin/grep
ac_cv_path_INSTALL_INFO=/usr/sbin/install-info
ac_cv_path_PERL=/usr/bin/perl
ac_cv_path_install='/usr/bin/install -c'
ac_cv_prog_AS=/home/dirk/CodeSourcery/Sourcery_CodeBench_Lite_for_ARM_GNU_Linux/bin/../lib/gcc/arm-none-linux-gnueabi/4.6.1/../../../../arm-none-linux-gnueabi/bin/as
ac_cv_prog_AWK=gawk
ac_cv_prog_BUILD_CC=gcc
ac_cv_prog_CC=arm-none-linux-gnueabi-gcc
ac_cv_prog_CPP='arm-none-linux-gnueabi-gcc -E'
ac_cv_prog_CXX=arm-none-linux-gnueabi-g++
ac_cv_prog_LD=/home/dirk/CodeSourcery/Sourcery_CodeBench_Lite_for_ARM_GNU_Linux/bin/../lib/gcc/arm-none-linux-gnueabi/4.6.1/../../../../arm-none-linux-gnueabi/bin/ld
ac_cv_prog_MAKE=make
ac_cv_prog_NM=arm-none-linux-gnueabi-nm
ac_cv_prog_READELF=arm-none-linux-gnueabi-readelf
ac_cv_prog_SED=sed
ac_cv_prog_cc_c89=
ac_cv_prog_cc_g=yes
ac_cv_prog_cxx_g=yes
ac_cv_sizeof_long_double=0
libc_cv_Bgroup=yes
libc_cv_arm_pcs_vfp=no
libc_cv_arm_tls=yes
libc_cv_as_noexecstack=yes
libc_cv_asm_cfi_directive_sections=yes
libc_cv_asm_cfi_directives=yes
libc_cv_asm_global_directive=.globl
libc_cv_asm_gnu_indirect_function=yes
libc_cv_asm_previous_directive=yes
libc_cv_asm_protected_directive=yes
libc_cv_asm_set_directive=yes
libc_cv_asm_symver_directive=yes
libc_cv_asm_type_prefix=%
libc_cv_asm_unique_object=yes
libc_cv_asm_weak_directive=yes
libc_cv_broken_alias_attribute=no
libc_cv_broken_visibility_attribute=no
libc_cv_c_cleanup=yes
libc_cv_cc_nofma=-ffp-contract=off
libc_cv_cc_with_libunwind=no
libc_cv_ctors_header=no
libc_cv_dot_text=.text
libc_cv_fno_toplevel_reorder=yes
libc_cv_forced_unwind=yes
libc_cv_fpie=yes
libc_cv_friendly_stddef=yes
libc_cv_gcc___thread=yes
libc_cv_gcc_builtin_memset=no
libc_cv_gcc_builtin_redirection=yes
libc_cv_gcc_exceptions=yes
libc_cv_gcc_static_libgcc=-static-libgcc
libc_cv_gcc_tls_model_attr=yes
libc_cv_gcc_unwind_find_fde=no
libc_cv_gnu89_inline=yes
libc_cv_hashstyle=yes
libc_cv_have_bash2=yes
libc_cv_have_ksh=yes
libc_cv_have_sdata_section=no
libc_cv_have_section_quotes=no
libc_cv_idn=no
libc_cv_initfini_array=yes
libc_cv_ld_no_whole_archive=yes
libc_cv_ld_version_script_option=yes
libc_cv_linux2619='2.6.19 or later'
libc_cv_localstatedir='${prefix}/var'
libc_cv_need_minus_P=no
libc_cv_nss_crypt=no
libc_cv_output_format=elf32-littlearm
libc_cv_pic_default=no
libc_cv_predef_fortify_source=no
libc_cv_predef_stack_protector=no
libc_cv_prog_as_gnu=yes
libc_cv_prog_ld_gnu=yes
libc_cv_ssp=yes
libc_cv_sysconfdir='${prefix}/etc'
libc_cv_use_default_link=no
libc_cv_visibility_attribute=yes
libc_cv_z_combreloc=yes
libc_cv_z_execstack=yes
libc_cv_z_initfirst=yes
libc_cv_z_nodelete=yes
libc_cv_z_nodlopen=yes

## ----------------- ##
## Output variables. ##
## ----------------- ##

AR='/home/dirk/CodeSourcery/Sourcery_CodeBench_Lite_for_ARM_GNU_Linux/bin/../lib/gcc/arm-none-linux-gnueabi/4.6.1/../../../../arm-none-linux-gnueabi/bin/ar'
AS='/home/dirk/CodeSourcery/Sourcery_CodeBench_Lite_for_ARM_GNU_Linux/bin/../lib/gcc/arm-none-linux-gnueabi/4.6.1/../../../../arm-none-linux-gnueabi/bin/as'
ASFLAGS_config=' -Wa,--noexecstack'
AUTOCONF='no'
AWK='gawk'
BASH_SHELL='/bin/bash'
BISON='no'
BUILD_CC='gcc'
CC='arm-none-linux-gnueabi-gcc'
CFLAGS='-g -O2'
CPP='arm-none-linux-gnueabi-gcc -E'
CPPFLAGS=''
CPPUNDEFS=''
CXX='arm-none-linux-gnueabi-g++'
CXXFLAGS='-g -O2'
CXX_SYSINCLUDES=''
DEFINES=' -D_LIBC_REENTRANT'
DEFS='-DHAVE_CONFIG_H'
ECHO_C=''
ECHO_N='-n'
ECHO_T=''
INSTALL_DATA='${INSTALL} -m 644'
INSTALL_INFO='/usr/sbin/install-info'
INSTALL_PROGRAM='${INSTALL}'
INSTALL_SCRIPT='${INSTALL}'
KSH='/bin/bash'
LD='/home/dirk/CodeSourcery/Sourcery_CodeBench_Lite_for_ARM_GNU_Linux/bin/../lib/gcc/arm-none-linux-gnueabi/4.6.1/../../../../arm-none-linux-gnueabi/bin/ld'
LDFLAGS=''
LIBGD='no'
LIBOBJS=''
LIBS=''
LN_S='ln -s'
LTLIBOBJS=''
MAKE='make'
MAKEINFO=':'
MIG=''
MSGFMT=':'
NM='arm-none-linux-gnueabi-nm'
OBJCOPY='/home/dirk/CodeSourcery/Sourcery_CodeBench_Lite_for_ARM_GNU_Linux/bin/../lib/gcc/arm-none-linux-gnueabi/4.6.1/../../../../arm-none-linux-gnueabi/bin/objcopy'
OBJDUMP='/home/dirk/CodeSourcery/Sourcery_CodeBench_Lite_for_ARM_GNU_Linux/bin/../lib/gcc/arm-none-linux-gnueabi/4.6.1/../../../../arm-none-linux-gnueabi/bin/objdump'
OBJEXT='o'
PACKAGE_BUGREPORT='http://sourceware.org/bugzilla/'
PACKAGE_NAME='GNU C Library'
PACKAGE_STRING='GNU C Library (see version.h)'
PACKAGE_TARNAME='glibc'
PACKAGE_URL='http://www.gnu.org/software/glibc/'
PACKAGE_VERSION='(see version.h)'
PATH_SEPARATOR=':'
PERL='/usr/bin/perl'
READELF='arm-none-linux-gnueabi-readelf'
RELEASE='stable'
SED='sed'
SHELL='/bin/sh'
SYSINCLUDES=''
VERSION='2.16'
VERSIONING='yes'
ac_ct_CC=''
ac_ct_CXX=''
add_on_subdirs=' libidn'
add_ons='glibc-ports-2.16.0 libidn nptl'
all_warnings=''
base_machine='arm'
bindir='${exec_prefix}/bin'
bindnow='no'
build='i686-pc-linux-gnu'
build_alias=''
build_cpu='i686'
build_os='linux-gnu'
build_vendor='pc'
cross_compiling='maybe'
datadir='${datarootdir}'
datarootdir='${prefix}/share'
docdir='${datarootdir}/doc/${PACKAGE_TARNAME}'
dvidir='${docdir}'
exceptions='-fexceptions'
exec_prefix='${prefix}'
fno_unit_at_a_time='-fno-toplevel-reorder -fno-section-anchors'
force_install='yes'
gnu89_inline='-fgnu89-inline'
have_libaudit=''
have_libcap=''
have_selinux='no'
host='arm-none-linux-gnueabi'
host_alias='arm-none-linux-gnueabi'
host_cpu='arm'
host_os='linux-gnueabi'
host_vendor='none'
htmldir='${docdir}'
includedir='${prefix}/include'
infodir='${datarootdir}/info'
ldd_rewrite_script='no'
libc_cv_Bgroup='yes'
libc_cv_as_i686=''
libc_cv_cc_avx=''
libc_cv_cc_fma4=''
libc_cv_cc_nofma='-ffp-contract=off'
libc_cv_cc_novzeroupper=''
libc_cv_cc_sse2avx=''
libc_cv_cc_sse4=''
libc_cv_cc_submachine=''
libc_cv_cc_with_libunwind='no'
libc_cv_cpp_asm_debuginfo=''
libc_cv_forced_unwind='yes'
libc_cv_fpie='yes'
libc_cv_gcc_static_libgcc='-static-libgcc'
libc_cv_gcc_unwind_find_fde='no'
libc_cv_hashstyle='yes'
libc_cv_have_bash2='yes'
libc_cv_have_ksh='yes'
libc_cv_localedir=''
libc_cv_localstatedir='${prefix}/var'
libc_cv_nss_crypt='no'
libc_cv_output_format='elf32-littlearm'
libc_cv_pic_default='no'
libc_cv_rootsbindir=''
libc_cv_slibdir=''
libc_cv_sparc_as_vis3=''
libc_cv_ssp='yes'
libc_cv_sysconfdir='${prefix}/etc'
libc_cv_z_combreloc='yes'
libc_cv_z_execstack='yes'
libc_extra_cflags=''
libdir='${exec_prefix}/lib'
libexecdir='${exec_prefix}/libexec'
link_obsolete_rpc='no'
localedir='${datarootdir}/locale'
localstatedir='${prefix}/var'
mach_interface_list=''
mandir='${datarootdir}/man'
multi_arch='no'
old_glibc_headers='no'
oldest_abi='default'
oldincludedir='/usr/include'
pdfdir='${docdir}'
prefix=''
profile='no'
program_transform_name='s,x,x,'
psdir='${docdir}'
sbindir='${exec_prefix}/sbin'
shared='yes'
sharedstatedir='${prefix}/com'
sizeof_long_double='0'
static=''
static_nss='no'
subdirs='  '
submachine=''
sysconfdir='${prefix}/etc'
sysdeps_add_ons=' glibc-ports-2.16.0 nptl'
sysnames=' glibc-ports-2.16.0/sysdeps/unix/sysv/linux/arm/nptl glibc-ports-2.16.0/sysdeps/unix/sysv/linux/arm glibc-ports-2.16.0/sysdeps/unix/sysv/linux nptl/sysdeps/unix/sysv/linux nptl/sysdeps/pthread sysdeps/pthread sysdeps/unix/sysv/linux sysdeps/gnu sysdeps/unix/inet glibc-ports-2.16.0/sysdeps/unix/sysv nptl/sysdeps/unix/sysv sysdeps/unix/sysv glibc-ports-2.16.0/sysdeps/unix/arm glibc-ports-2.16.0/sysdeps/unix nptl/sysdeps/unix sysdeps/unix sysdeps/posix glibc-ports-2.16.0/sysdeps/arm/nptl glibc-ports-2.16.0/sysdeps/arm sysdeps/wordsize-32 sysdeps/ieee754/flt-32 sysdeps/ieee754/dbl-64 sysdeps/ieee754 sysdeps/generic'
target_alias=''
use_default_link='no'
use_ldconfig='yes'
with_fp='yes'

## ----------- ##
## confdefs.h. ##
## ----------- ##

/* confdefs.h */
#define PACKAGE_NAME "GNU C Library"
#define PACKAGE_TARNAME "glibc"
#define PACKAGE_VERSION "(see version.h)"
#define PACKAGE_STRING "GNU C Library (see version.h)"
#define PACKAGE_BUGREPORT "http://sourceware.org/bugzilla/"
#define PACKAGE_URL "http://www.gnu.org/software/glibc/"
#define HAVE_LIBIDN 1
#define ASM_GLOBAL_DIRECTIVE .globl
#define ASM_TYPE_DIRECTIVE_PREFIX %
#define HAVE_ASM_SET_DIRECTIVE 1
#define HAVE_ASM_UNIQUE_OBJECT 1
#define DO_VERSIONING 1
#define HAVE_ASM_PREVIOUS_DIRECTIVE 1
#define NO_CTORS_DTORS_SECTIONS 1
#define HAVE_Z_COMBRELOC 1
#define HAVE_ASM_WEAK_DIRECTIVE 1
#define HAVE_ASM_CFI_DIRECTIVES 1
#define SIZEOF_LONG_DOUBLE 0
#define HAVE_FORCED_UNWIND 1
#define __LINUX_KERNEL_VERSION (2 * 65536 + 6 * 256 + 16)
#define __ABI_TAG_VERSION 2,6,16
#define HAVE_INLINED_SYSCALLS 1

configure: exit 0
